	Equipo 2 - accion cortar  
 	Equipo 2 ----------ingredientes :-----------
	Equipo 2 ingredientes 0 : ajo 
	Equipo 2 ingredientes 1 : perejil 
	Equipo 2 - accion cortar  
 	Equipo 2 ----------ingredientes :-----------
	Equipo 2 ingredientes 0 : lechuga 
	Equipo 2 ingredientes 1 : tomate 
	Equipo 2 ingredientes 2 : cebolla 
	Equipo 2 ingredientes 3 : morada 
	Equipo 2 ingredientes 4 : pepino 
	Equipo 4 - accion cortar  
 	Equipo 4 ----------ingredientes :-----------
	Equipo 4 ingredientes 0 : ajo 
	Equipo 4 ingredientes 1 : perejil 
	Equipo 4 - accion cortar  
 	Equipo 4 ----------ingredientes :-----------
	Equipo 4 ingredientes 0 : lechuga 
	Equipo 4 ingredientes 1 : tomate 
	Equipo 4 ingredientes 2 : cebolla 
	Equipo 4 ingredientes 3 : morada 
	Equipo 4 ingredientes 4 : pepino 
	Equipo 1 - accion cortar  
 	Equipo 1 ----------ingredientes :-----------
	Equipo 1 ingredientes 0 : ajo 
	Equipo 1 ingredientes 1 : perejil 
	Equipo 1 - accion cortar  
 	Equipo 1 ----------ingredientes :-----------
	Equipo 1 ingredientes 0 : lechuga 
	Equipo 1 ingredientes 1 : tomate 
	Equipo 1 ingredientes 2 : cebolla 
	Equipo 1 ingredientes 3 : morada 
	Equipo 1 ingredientes 4 : pepino 
	Equipo 3 - accion cortar  
 	Equipo 3 ----------ingredientes :-----------
	Equipo 3 ingredientes 0 : ajo 
	Equipo 3 ingredientes 1 : perejil 
	Equipo 3 - accion cortar  
 	Equipo 3 ----------ingredientes :-----------
	Equipo 3 ingredientes 0 : lechuga 
	Equipo 3 ingredientes 1 : tomate 
	Equipo 3 ingredientes 2 : cebolla 
	Equipo 3 ingredientes 3 : morada 
	Equipo 3 ingredientes 4 : pepino 
	Equipo 2 - accion hornear  
 	Equipo 2 ----------ingredientes :-----------
	Equipo 2 ingredientes 0 : pan 
	Equipo 2 - accion mezclar  
 	Equipo 2 ----------ingredientes :-----------
	Equipo 2 ingredientes 0 : ajo 
	Equipo 2 ingredientes 1 : perejil 
	Equipo 2 ingredientes 2 : huevo 
	Equipo 4 - accion mezclar  
 	Equipo 4 ----------ingredientes :-----------
	Equipo 4 ingredientes 0 : ajo 
	Equipo 4 ingredientes 1 : perejil 
	Equipo 4 ingredientes 2 : huevo 
	Equipo 1 - accion mezclar  
 	Equipo 1 ----------ingredientes :-----------
	Equipo 1 ingredientes 0 : ajo 
	Equipo 1 ingredientes 1 : perejil 
	Equipo 1 ingredientes 2 : huevo 
	Equipo 3 - accion mezclar  
 	Equipo 3 ----------ingredientes :-----------
	Equipo 3 ingredientes 0 : ajo 
	Equipo 3 ingredientes 1 : perejil 
	Equipo 3 ingredientes 2 : huevo 
	Equipo 4 - accion hornear  
 	Equipo 4 ----------ingredientes :-----------
	Equipo 4 ingredientes 0 : pan 
	Equipo 2 - accion salar  
 	Equipo 2 ----------ingredientes :-----------
	Equipo 2 ingredientes 0 : ajo 
	Equipo 2 ingredientes 1 : perejil 
	Equipo 2 ingredientes 2 : huevo 
	Equipo 3 - accion hornear  
 	Equipo 3 ----------ingredientes :-----------
	Equipo 3 ingredientes 0 : pan 
	Equipo 2 - accion agregar  
 	Equipo 2 ----------ingredientes :-----------
	Equipo 2 ingredientes 0 : carne 
	Equipo 4 - accion salar  
 	Equipo 4 ----------ingredientes :-----------
	Equipo 4 ingredientes 0 : ajo 
	Equipo 4 ingredientes 1 : perejil 
	Equipo 4 ingredientes 2 : huevo 
	Equipo 1 - accion hornear  
 	Equipo 1 ----------ingredientes :-----------
	Equipo 1 ingredientes 0 : pan 
	Equipo 4 - accion agregar  
 	Equipo 4 ----------ingredientes :-----------
	Equipo 4 ingredientes 0 : carne 
	Equipo 2 - accion cocinar  
 	Equipo 2 ----------ingredientes :-----------
	Equipo 2 ingredientes 0 : milanesa 
	Equipo 1 - accion salar  
 	Equipo 1 ----------ingredientes :-----------
	Equipo 1 ingredientes 0 : ajo 
	Equipo 1 ingredientes 1 : perejil 
	Equipo 1 ingredientes 2 : huevo 
	Equipo 2 - accion cocinar  
 	Equipo 2 ----------ingredientes :-----------
	Equipo 2 ingredientes 0 : milanesa 
	Equipo 3 - accion salar  
 	Equipo 3 ----------ingredientes :-----------
	Equipo 3 ingredientes 0 : ajo 
	Equipo 3 ingredientes 1 : perejil 
	Equipo 3 ingredientes 2 : huevo 
	Equipo 4 - accion cocinar  
 	Equipo 4 ----------ingredientes :-----------
	Equipo 4 ingredientes 0 : milanesa 
	Equipo 1 - accion agregar  
 	Equipo 1 ----------ingredientes :-----------
	Equipo 1 ingredientes 0 : carne 
	Equipo 2 - accion armar  
 	Equipo 2 ----------ingredientes :-----------
	Equipo 2 ingredientes 0 : sandwich 
	Equipo 3 - accion agregar  
 	Equipo 3 ----------ingredientes :-----------
	Equipo 3 ingredientes 0 : carne 
	Equipo 4 - accion cocinar  
 	Equipo 4 ----------ingredientes :-----------
	Equipo 4 ingredientes 0 : milanesa 
	Equipo 1 - accion cocinar  
 	Equipo 1 ----------ingredientes :-----------
	Equipo 1 ingredientes 0 : milanesa 
	Equipo 3 - accion cocinar  
 	Equipo 3 ----------ingredientes :-----------
	Equipo 3 ingredientes 0 : milanesa 
	Equipo 4 - accion armar  
 	Equipo 4 ----------ingredientes :-----------
	Equipo 4 ingredientes 0 : sandwich 
	Equipo 1 - accion cocinar  
 	Equipo 1 ----------ingredientes :-----------
	Equipo 1 ingredientes 0 : milanesa 
	Equipo 3 - accion cocinar  
 	Equipo 3 ----------ingredientes :-----------
	Equipo 3 ingredientes 0 : milanesa 
	Equipo 1 - accion armar  
 	Equipo 1 ----------ingredientes :-----------
	Equipo 1 ingredientes 0 : sandwich 
	Equipo 3 - accion armar  
 	Equipo 3 ----------ingredientes :-----------
	Equipo 3 ingredientes 0 : sandwich 
